2023-03-31	  ec1fe98d-9c42-4234-9fc5-5f9d059b492d	GET	/			undefined
2023-04-01	  2e4fa467-80ab-4a2e-93e5-bd506cabb7bb	POST	/auth/register			undefined
2023-04-01	  12970684-bbac-4c28-ba5d-11ad9009b354	POST	/auth/register			undefined
2023-04-01	  ebeb9ec4-6a64-4f17-b130-eb62592dedc7	POST	/auth/register			undefined
2023-04-01	  63995ff5-e75d-4975-8ed8-e1546e0d7e70	POST	/auth/register			undefined
2023-04-01	  05e3d081-76ed-4e8e-9149-a746b7a184d0	POST	/auth/register			undefined
2023-04-01	  03cea8cb-af20-4832-a4e3-72359b4ee0ee	POST	/auth/register			undefined
2023-04-01	  5e367a5f-fdc5-492d-8dcc-e5289f08121f	POST	//auth/authenticate			undefined
2023-04-01	  e3c0fe8f-9cb1-41c9-a18d-8b7f254c13b9	POST	/auth/authenticate			undefined
2023-04-01	  6e014497-d4af-40c2-9595-140ae820877f	POST	/auth/authenticate			undefined
2023-04-01	  c5b73148-a21b-416e-929b-18900b54f489	GET	/			undefined
2023-04-01	  4cb1b4da-3526-4125-8549-0ff7c4a00784	GET	/			undefined
2023-04-01	  af6aa914-46e6-4582-a90f-62b93f20f34d	GET	/			undefined
2023-04-01	  1cdc3c44-e103-45e1-a9c5-d844d2cd8760	GET	/hello			undefined
2023-04-01	  427a4db9-fba7-42f3-9f2d-c3d48529a55c	POST	/auth/authenticate			undefined
2023-04-01	  415dfaef-a319-4632-8c07-839e57c5c077	GET	/hello			undefined
2023-04-01	  2930a2f9-465f-47ca-9a77-15b5e03fb220	GET	/hello			undefined
2023-04-01	  f9fb8638-4cba-4cb7-bc83-c599dd984895	GET	/hello			undefined
2023-04-01	  c86fe364-2f7c-414c-9602-f831176ea8bd	GET	/hello			undefined
2023-04-01	  4c108620-3939-43c4-846c-c822048611a8	GET	/hello			undefined
2023-04-01	  d6443bf6-0937-47d9-959b-b24cd6838bf8	GET	/hello			undefined
2023-04-01	  86c85dd4-20aa-4e7d-a0c4-ee0d5af62ac7	GET	/auth/loggedUser			undefined
2023-04-01	  a80fbb72-2737-4426-84df-25668775b82a	POST	/auth/authenticate			undefined
2023-04-01	  f6b011f7-e218-4417-bca6-e6296bf4cbe9	GET	/auth/user			undefined
2023-04-01	  17baa5e1-607a-49e7-aa4b-a34255229e07	GET	/auth/user			undefined
2023-04-01	  a4647512-86d3-46ea-92e4-1d71f426a94f	GET	/auth/user			undefined
2023-04-01	  73a0d774-ec2c-48a7-a6da-056c34a1f0af	POST	/auth/authenticate			undefined
2023-04-01	  f4d5bb99-8d53-4a8a-92ae-7c4baffa74a1	GET	/auth/user			undefined
2023-04-01	  7894803b-d5e3-4745-99b3-c54eb83dd5df	GET	/auth/user			undefined
2023-04-01	  5442839d-1a7e-45de-9eb3-ac79352c0b20	GET	/auth/user			undefined
2023-04-01	  cf215f7c-b7a2-451b-bfe7-11b88065a0b4	GET	/auth/user			undefined
2023-04-02	  dcf2e12f-8517-416b-b5fb-85466283334b	POST	/auth/authenticate			undefined
2023-04-02	  7abb3816-b458-49f1-a561-bc597bbd965c	GET	/auth/user			undefined
2023-04-02	  e71aed78-64f2-4ee1-aa89-4fa322b5d647	GET	/auth/user			undefined
2023-04-02	  c68ea932-abc5-4e67-8dc7-6b3f8fca082a	POST	/auth/register			undefined
2023-04-02	  80354d1a-38cd-4edc-b4ee-6c04363fcdbe	GET	/auth/user/6429209865ec416ca9aa878d			undefined
2023-04-02	  91eefe3b-0768-4136-a36b-38e99331225a	POST	/auth/authenticate			undefined
2023-04-02	  846d2d4e-7d9c-48aa-8973-ec58d32f15e5	GET	/hello			undefined
2023-04-02	  3edd4935-d6be-46df-9784-35bfde1313dd	GET	/favicon.ico			undefined
2023-04-02	  a4812772-73e0-4d7c-a778-1424432eedfb	GET	/hello			undefined
2023-04-02	  0fb43e9d-3e58-4fe6-8bd6-c21e337fb37e	GET	/hello			undefined
2023-04-02	  bfed2781-9d76-463d-8662-cd3fba5aa364	GET	/			undefined
2023-04-02	  5c124720-0706-43b1-a1f3-ca422933b90d	GET	/			undefined
2023-04-02	  514889d6-09c9-4211-b96e-708188d83b53	GET	/			undefined
2023-04-02	  7149055d-1112-400f-ab3a-c10ac6ec6559	POST	/auth/register			undefined
2023-04-02	  52d69e7f-b073-4efe-aad1-ae31f12e8988	POST	/auth/register			undefined
2023-04-02	  7ae2ff19-32f8-497b-9578-2bcb8df13a4e	POST	/auth/register			undefined
2023-04-02	  8fa42479-2cf0-46a1-9051-06a4c7f0da6f	POST	/auth/register			undefined
2023-04-02	  6d43a24c-38fb-4d3c-9763-b0fba17bf0b5	POST	/auth/register			undefined
2023-04-02	  8f90f90e-6264-4ad7-b2ef-c3e15748345c	GET	/api/v1/profile/6429352aca0a5a4b2214078e			undefined
2023-04-02	  b23e98e9-c5d2-4242-ab72-c8efe1958df1	POST	/auth/register			undefined
2023-04-02	  b231a1bf-ee53-4588-b2ef-a441741a232a	GET	/api/v1/profile/6429390926d20ecd098d43db			undefined
2023-04-02	  f53d4754-8520-44e6-867d-e174c66081db	GET	/api/profile/6429390926d20ecd098d43db			undefined
2023-04-02	  0e2d8bf3-7f68-40e5-9ef1-a53754a3f3a3	GET	/api/profile/6429390926d20ecd098d43db			undefined
2023-04-02	  49bcfc34-ac95-430d-a948-c0f2e9f96fb1	GET	/api/profile/6429390926d20ecd098d43db			undefined
2023-04-02	  cd7860f4-c05e-4c8b-ae26-17e34d1b2306	GET	/api/profile/6429390926d20ecd098d43db			undefined
2023-04-02	  6b2217d5-4779-432a-8a1f-957d9edc3935	GET	/api/profile/v1/6429390926d20ecd098d43db			undefined
2023-04-02	  80175a89-31d9-4e86-98fc-410530194458	GET	/api/v1/profile/6429390926d20ecd098d43db			undefined
2023-04-02	  47906ff0-7453-4758-a33f-81ed7d6ce463	GET	/api/profile/6429390926d20ecd098d43db			undefined
2023-04-02	  d361c7f0-d1e7-42b3-a7b6-1a25f5c0fbc0	GET	/api/profile/6429390926d20ecd098d43db			undefined
2023-04-02	  69cf91bb-11d6-4e27-bbca-a4e5074db0e0	GET	/api/profile/6429390926d20ecd098d43db			undefined
2023-04-02	  54e9d648-94d9-4bbf-a678-0fd5191cf4a7	GET	/api/profile/6429390926d20ecd098d43db			undefined
2023-04-02	  aedf6d56-7dd1-4616-bff7-37db57646747	GET	/api/profile/6429390926d20ecd098d43db			undefined
2023-04-02	  729b21b0-e0a7-4d7b-b076-5e3a932c50da	GET	/auth/user/6429390926d20ecd098d43db			undefined
2023-04-02	  71f4afc2-82d2-4139-9e90-ed106dcc413c	POST	/auth/authenticate			undefined
2023-04-02	  34731333-fc4f-4929-b270-7423533b5c1b	GET	/api/profile			undefined
2023-04-02	  68289330-1931-4dd1-8fbb-fd7c186d702b	GET	/api/profile			undefined
2023-04-02	  11783cdb-813b-40ef-bf0d-d2c40303e3b4	GET	/api/v1/profile			undefined
2023-04-02	  e9c7a9ea-da96-4958-9ce0-d23ea9613514	GET	/api/v1/user/profile			undefined
2023-04-02	  edca52d1-816d-47eb-991f-35aa4e987182	GET	/api/v1/user/profile			undefined
2023-04-02	  b3a35c66-4479-4aa9-9b20-384cb3e68809	PATCH	/api/v1/user/profile			undefined
2023-04-02	  646cbe1b-d213-4877-aea5-1bfa9606fd0f	PATCH	/api/v1/user/profile			undefined
2023-04-02	  33b7c683-913e-420a-bbc9-b269c878584f	PATCH	/api/v1/user/profile			undefined
2023-04-02	  a807972d-ecba-460c-84ff-28e28a815a7a	PATCH	/api/v1/user/profile			undefined
